<?xml version="1.0" encoding="UTF-8"?>
<testsuite name="com.intuit.reviewengine.services.ReviewServiceUnitTest" time="0.081" tests="6" errors="0" skipped="0" failures="0">
  <properties>
[...]
</properties>
  <testcase name="testDelete_error" classname="com.intuit.reviewengine.services.ReviewServiceUnitTest" time="0.009"/>
  <testcase name="testFindReviewById_error" classname="com.intuit.reviewengine.services.ReviewServiceUnitTest" time="0.001"/>
  <testcase name="testSave_error" classname="com.intuit.reviewengine.services.ReviewServiceUnitTest" time="0.001"/>
  <testcase name="testFindReviewById_success" classname="com.intuit.reviewengine.services.ReviewServiceUnitTest" time="0.007"/>
  <testcase name="testSave_success" classname="com.intuit.reviewengine.services.ReviewServiceUnitTest" time="0.056"/>
  <testcase name="testDelete_success" classname="com.intuit.reviewengine.services.ReviewServiceUnitTest" time="0.007"/>
</testsuite>